417  [background-preinit] INFO  o.h.validator.internal.util.Version – HV000001: Hibernate Validator 8.0.0.Final
451  [main] INFO  com.example.pw21.Pw21Application – Starting Pw21Application using Java 17.0.6 with PID 21068 (C:\Users\aminf\OneDrive\Study\Java\Pracs\PW21\build\classes\java\main started by aminf in C:\Users\aminf\OneDrive\Study\Java\Pracs\PW21)
452  [main] INFO  com.example.pw21.Pw21Application – No active profile set, falling back to 1 default profile: "default"
1065 [main] INFO  o.s.d.r.c.RepositoryConfigurationDelegate – Bootstrapping Spring Data JPA repositories in DEFAULT mode.
1115 [main] INFO  o.s.d.r.c.RepositoryConfigurationDelegate – Finished Spring Data repository scanning in 44 ms. Found 2 JPA repository interfaces.
1613 [main] INFO  o.s.b.w.e.tomcat.TomcatWebServer – Tomcat initialized with port(s): 8080 (http)
1620 [main] INFO  o.a.coyote.http11.Http11NioProtocol – Initializing ProtocolHandler ["http-nio-8080"]
1620 [main] INFO  o.a.catalina.core.StandardService – Starting service [Tomcat]
1620 [main] INFO  o.a.catalina.core.StandardEngine – Starting Servlet engine: [Apache Tomcat/10.1.7]
1673 [main] INFO  o.a.c.c.C.[Tomcat].[localhost].[/] – Initializing Spring embedded WebApplicationContext
1673 [main] INFO  o.s.b.w.s.c.ServletWebServerApplicationContext – Root WebApplicationContext: initialization completed in 1190 ms
1782 [main] INFO  com.zaxxer.hikari.HikariDataSource – HikariPool-1 - Starting...
1846 [main] INFO  com.zaxxer.hikari.pool.HikariPool – HikariPool-1 - Added connection org.postgresql.jdbc.PgConnection@4b4814d0
1847 [main] INFO  com.zaxxer.hikari.HikariDataSource – HikariPool-1 - Start completed.
1896 [main] INFO  o.h.jpa.internal.util.LogHelper – HHH000204: Processing PersistenceUnitInfo [name: default]
1922 [main] INFO  org.hibernate.Version – HHH000412: Hibernate ORM core version 6.1.7.Final
2119 [main] INFO  SQL dialect – HHH000400: Using dialect: org.hibernate.dialect.PostgreSQLDialect
2631 [main] INFO  o.h.e.t.j.p.i.JtaPlatformInitiator – HHH000490: Using JtaPlatform implementation: [org.hibernate.engine.transaction.jta.platform.internal.NoJtaPlatform]
2640 [main] INFO  o.s.o.j.LocalContainerEntityManagerFactoryBean – Initialized JPA EntityManagerFactory for persistence unit 'default'
2891 [main] WARN  o.s.b.a.o.j.JpaBaseConfiguration$JpaWebConfiguration – spring.jpa.open-in-view is enabled by default. Therefore, database queries may be performed during view rendering. Explicitly configure spring.jpa.open-in-view to disable this warning
2976 [main] INFO  o.s.b.a.w.s.WelcomePageHandlerMapping – Adding welcome page: class path resource [static/index.html]
3188 [main] INFO  o.s.b.a.e.web.EndpointLinksResolver – Exposing 1 endpoint(s) beneath base path '/actuator'
3226 [main] INFO  o.a.coyote.http11.Http11NioProtocol – Starting ProtocolHandler ["http-nio-8080"]
3237 [main] INFO  o.s.b.w.e.tomcat.TomcatWebServer – Tomcat started on port(s): 8080 (http) with context path ''
3245 [main] INFO  com.example.pw21.Pw21Application – Started Pw21Application in 3.01 seconds (process running for 3.574)
3521 [RMI TCP Connection(3)-192.168.0.134] INFO  o.a.c.c.C.[Tomcat].[localhost].[/] – Initializing Spring DispatcherServlet 'dispatcherServlet'
3521 [RMI TCP Connection(3)-192.168.0.134] INFO  o.s.web.servlet.DispatcherServlet – Initializing Servlet 'dispatcherServlet'
3522 [RMI TCP Connection(3)-192.168.0.134] INFO  o.s.web.servlet.DispatcherServlet – Completed initialization in 0 ms
9151 [http-nio-8080-exec-1] INFO  c.e.pw21.Services.DepartureService – Read all departures
9223 [http-nio-8080-exec-1] INFO  c.e.p.Aspects.ExecTimeLoggingAspect – Method readAllEntity with parameters [] from DepartureService class executed. Duration = 71ms
51041 [SpringApplicationShutdownHook] INFO  o.s.o.j.LocalContainerEntityManagerFactoryBean – Closing JPA EntityManagerFactory for persistence unit 'default'
51042 [SpringApplicationShutdownHook] INFO  com.zaxxer.hikari.HikariDataSource – HikariPool-1 - Shutdown initiated...
51046 [SpringApplicationShutdownHook] INFO  com.zaxxer.hikari.HikariDataSource – HikariPool-1 - Shutdown completed.
